<?xml version="1.0" encoding="UTF-8"?>
<!-- Generated by org.testng.reporters.JUnitReportReporter -->
<testsuite hostname="DESKTOP-PH58IT2" failures="0" tests="1" name="com.api.tests.UserProfileUpdateTest" time="2.738" errors="0" timestamp="2025-03-03T13:33:12 IST" skipped="0">
  <testcase classname="com.api.tests.UserProfileUpdateTest" name="updateUserProfileTest" time="2.738"/>
</testsuite> <!-- com.api.tests.UserProfileUpdateTest -->
