<?xml version="1.0" encoding="UTF-8"?>
<!-- Generated by org.testng.reporters.JUnitReportReporter -->
<testsuite hostname="DESKTOP-PH58IT2" failures="0" tests="1" name="com.api.tests.UserProfileUpdateTest" time="4.041" errors="0" timestamp="2025-03-09T10:59:52 IST" skipped="0">
  <testcase classname="com.api.tests.UserProfileUpdateTest" name="updateUserProfileTest" time="4.041"/>
</testsuite> <!-- com.api.tests.UserProfileUpdateTest -->
