<?xml version="1.0" encoding="UTF-8"?>
<!-- Generated by org.testng.reporters.JUnitReportReporter -->
<testsuite hostname="DESKTOP-PH58IT2" failures="0" tests="1" name="com.api.tests.LoginAPITest" time="1.799" errors="0" timestamp="2025-02-22T20:05:23 IST" skipped="0">
  <testcase classname="com.api.tests.LoginAPITest" name="loginTest" time="1.799"/>
</testsuite> <!-- com.api.tests.LoginAPITest -->
