<?xml version="1.0" encoding="UTF-8"?>
<!-- Generated by org.testng.reporters.JUnitReportReporter -->
<testsuite hostname="DESKTOP-PH58IT2" failures="0" tests="1" name="com.api.tests.GetUserProfileRequestTest" time="2.700" errors="0" timestamp="2025-03-02T18:51:17 IST" skipped="0">
  <testcase classname="com.api.tests.GetUserProfileRequestTest" name="getProfileInfoTest" time="2.700"/>
</testsuite> <!-- com.api.tests.GetUserProfileRequestTest -->
