<?xml version="1.0" encoding="UTF-8"?>
<!-- Generated by org.testng.reporters.JUnitReportReporter -->
<testsuite hostname="DESKTOP-PH58IT2" failures="0" tests="1" name="com.api.tests.ForgotPasswordTest" time="2.277" errors="0" timestamp="2025-02-24T21:38:21 IST" skipped="0">
  <testcase classname="com.api.tests.ForgotPasswordTest" name="forgotPasswordTest" time="2.277"/>
</testsuite> <!-- com.api.tests.ForgotPasswordTest -->
