<?xml version="1.0" encoding="UTF-8"?>
<!-- Generated by org.testng.reporters.JUnitReportReporter -->
<testsuite hostname="DESKTOP-PH58IT2" failures="0" tests="1" name="com.api.tests.LoginAPITest1" time="2.510" errors="0" timestamp="2025-03-18T08:51:04 IST" skipped="0">
  <testcase classname="com.api.tests.LoginAPITest1" name="loginTest" time="2.510"/>
</testsuite> <!-- com.api.tests.LoginAPITest1 -->
