<?xml version="1.0" encoding="UTF-8"?>
<!-- Generated by org.testng.reporters.JUnitReportReporter -->
<testsuite hostname="DESKTOP-PH58IT2" failures="0" tests="3" name="com.api.tests.ForgotPasswordTest" time="2.830" errors="0" timestamp="2025-03-01T18:29:23 IST" skipped="0">
  <testcase classname="com.api.tests.ForgotPasswordTest" name="forgotPasswordBuilderTest" time="0.095"/>
  <testcase classname="com.api.tests.ForgotPasswordTest" name="forgotPasswordHashMapTest" time="0.078"/>
  <testcase classname="com.api.tests.ForgotPasswordTest" name="forgotPasswordTest" time="2.657"/>
</testsuite> <!-- com.api.tests.ForgotPasswordTest -->
