<?xml version="1.0" encoding="UTF-8"?>
<!-- Generated by org.testng.reporters.JUnitReportReporter -->
<testsuite hostname="DESKTOP-PH58IT2" failures="0" tests="1" name="com.api.tests.AccountCreationTest" time="2.347" errors="0" timestamp="2025-02-28T21:08:21 IST" skipped="0">
  <testcase classname="com.api.tests.AccountCreationTest" name="createAccountTest" time="2.347"/>
</testsuite> <!-- com.api.tests.AccountCreationTest -->
