<?xml version="1.0" encoding="UTF-8"?>
<!-- Generated by org.testng.reporters.JUnitReportReporter -->
<testsuite hostname="DESKTOP-PH58IT2" failures="0" tests="1" name="com.api.tests.GetUserProfileRequestTest" time="2.871" errors="0" timestamp="2025-03-09T10:55:31 IST" skipped="0">
  <testcase classname="com.api.tests.GetUserProfileRequestTest" name="getProfileInfoTest" time="2.871"/>
</testsuite> <!-- com.api.tests.GetUserProfileRequestTest -->
