<?xml version="1.0" encoding="UTF-8"?>
<!-- Generated by org.testng.reporters.JUnitReportReporter -->
<testsuite hostname="DESKTOP-PH58IT2" failures="0" tests="1" name="com.api.tests.LoginAPITest" time="2.007" errors="0" timestamp="2025-02-18T07:06:22 IST" skipped="0">
  <testcase classname="com.api.tests.LoginAPITest" name="loginTest" time="2.007"/>
</testsuite> <!-- com.api.tests.LoginAPITest -->
