<?xml version="1.0" encoding="UTF-8"?>
<!-- Generated by org.testng.reporters.JUnitReportReporter -->
<testsuite hostname="DESKTOP-PH58IT2" failures="0" tests="1" name="com.api.tests.LoginAPITest1" time="2.293" errors="0" timestamp="2025-03-04T13:37:36 IST" skipped="0">
  <testcase classname="com.api.tests.LoginAPITest1" name="loginTest" time="2.293"/>
</testsuite> <!-- com.api.tests.LoginAPITest1 -->
