<?xml version="1.0" encoding="UTF-8"?>
<!-- Generated by org.testng.reporters.JUnitReportReporter -->
<testsuite hostname="DESKTOP-PH58IT2" failures="0" tests="1" name="com.api.tests.LoginAPITest1" time="2.024" errors="0" timestamp="2025-02-18T13:10:17 IST" skipped="0">
  <testcase classname="com.api.tests.LoginAPITest1" name="loginTest" time="2.024"/>
</testsuite> <!-- com.api.tests.LoginAPITest1 -->
