<?xml version="1.0" encoding="UTF-8"?>
<!-- Generated by org.testng.reporters.JUnitReportReporter -->
<testsuite hostname="DESKTOP-PH58IT2" failures="0" tests="3" name="com.api.tests.ForgotPasswordTest" time="2.450" errors="0" timestamp="2025-02-28T21:15:25 IST" skipped="0">
  <testcase classname="com.api.tests.ForgotPasswordTest" name="forgotPasswordHashMapTest" time="0.100"/>
  <testcase classname="com.api.tests.ForgotPasswordTest" name="forgotPasswordBuilderTest" time="0.077"/>
  <testcase classname="com.api.tests.ForgotPasswordTest" name="forgotPasswordTest" time="2.273"/>
</testsuite> <!-- com.api.tests.ForgotPasswordTest -->
