<?xml version="1.0" encoding="UTF-8"?>
<!-- Generated by org.testng.reporters.JUnitReportReporter -->
<testsuite hostname="DESKTOP-PH58IT2" failures="0" tests="1" name="com.api.tests.ChangePasswordTest" time="2.881" errors="0" timestamp="2025-03-02T19:47:31 IST" skipped="0">
  <testcase classname="com.api.tests.ChangePasswordTest" name="updatePasswordTest" time="2.881"/>
</testsuite> <!-- com.api.tests.ChangePasswordTest -->
