<?xml version="1.0" encoding="UTF-8"?>
<!-- Generated by org.testng.reporters.JUnitReportReporter -->
<testsuite hostname="DESKTOP-PH58IT2" failures="0" tests="1" name="com.api.tests.SingupAPITest" time="2.331" errors="0" timestamp="2025-02-24T21:35:49 IST" skipped="0">
  <testcase classname="com.api.tests.SingupAPITest" name="signupTest" time="2.331"/>
</testsuite> <!-- com.api.tests.SingupAPITest -->
