<?xml version="1.0" encoding="UTF-8"?>
<!-- Generated by org.testng.reporters.JUnitReportReporter -->
<testsuite hostname="DESKTOP-PH58IT2" failures="0" tests="1" name="com.api.tests.AccountCreationTest" time="73.082" errors="0" timestamp="2025-02-24T22:47:03 IST" skipped="0">
  <testcase classname="com.api.tests.AccountCreationTest" name="createAccountTest" time="73.082"/>
</testsuite> <!-- com.api.tests.AccountCreationTest -->
