<?xml version="1.0" encoding="UTF-8"?>
<!-- Generated by org.testng.reporters.JUnitReportReporter -->
<testsuite hostname="DESKTOP-PH58IT2" failures="0" tests="1" name="com.api.tests.CreateAccountTypeTest" time="2.698" errors="0" timestamp="2025-03-03T18:29:42 IST" skipped="0">
  <testcase classname="com.api.tests.CreateAccountTypeTest" name="crateAccountType" time="2.698"/>
</testsuite> <!-- com.api.tests.CreateAccountTypeTest -->
