<?xml version="1.0" encoding="UTF-8"?>
<!-- Generated by org.testng.reporters.JUnitReportReporter -->
<testsuite hostname="DESKTOP-PH58IT2" failures="0" tests="1" name="com.api.tests.UserProfileUpdateTest" time="2.674" errors="0" timestamp="2025-03-02T18:52:44 IST" skipped="0">
  <testcase classname="com.api.tests.UserProfileUpdateTest" name="updateUserProfileTest" time="2.674"/>
</testsuite> <!-- com.api.tests.UserProfileUpdateTest -->
